Using pre-set license
Built from '2020.3/china_unity/release' branch; Version is '2020.3.11f1c1 (77449f27ef9b) revision 7816351'; Using compiler version '192528614'; Build Type 'Release'
OS: 'Windows 10 Home China; OS build 22000.71; Version 2009; 64bit' Language: 'zh' Physical Memory: 15722 MB
BatchMode: 1, IsHumanControllingUs: 0, StartBugReporterOnCrash: 0, Is64bit: 1, IsPro: 0

 COMMAND LINE ARGUMENTS:
C:\Program Files\Unity\Hub\Editor\2020.3.11f1c1\Editor\Unity.exe
-adb2
-batchMode
-noUpm
-name
AssetImportWorker0
-projectPath
D:/UserFile/YXL/Desktop/MyFirstGame
-logFile
Logs/AssetImportWorker0.log
-srvPort
57633
Successfully changed project path to: D:/UserFile/YXL/Desktop/MyFirstGame
D:/UserFile/YXL/Desktop/MyFirstGame
Using Asset Import Pipeline V2.
Refreshing native plugins compatible for Editor in 37.22 ms, found 2 plugins.
Preloading 0 native plugins for Editor in 0.00 ms.
Initialize engine version: 2020.3.11f1c1 (77449f27ef9b)
[Subsystems] Discovering subsystems at path C:/Program Files/Unity/Hub/Editor/2020.3.11f1c1/Editor/Data/Resources/UnitySubsystems
[Subsystems] Discovering subsystems at path D:/UserFile/YXL/Desktop/MyFirstGame/Assets
GfxDevice: creating device client; threaded=0
Direct3D:
    Version:  Direct3D 11.0 [level 11.1]
    Renderer: AMD Radeon(TM) Graphics (ID=0x164c)
    Vendor:   
    VRAM:     7861 MB
    Driver:   27.20.14022.1002
Initialize mono
Mono path[0] = 'C:/Program Files/Unity/Hub/Editor/2020.3.11f1c1/Editor/Data/Managed'
Mono path[1] = 'C:/Program Files/Unity/Hub/Editor/2020.3.11f1c1/Editor/Data/MonoBleedingEdge/lib/mono/unityjit'
Mono config path = 'C:/Program Files/Unity/Hub/Editor/2020.3.11f1c1/Editor/Data/MonoBleedingEdge/etc'
Using monoOptions --debugger-agent=transport=dt_socket,embedding=1,server=y,suspend=n,address=127.0.0.1:56360
Begin MonoManager ReloadAssembly
Registering precompiled unity dll's ...
Register platform support module: C:/Program Files/Unity/Hub/Editor/2020.3.11f1c1/Editor/Data/PlaybackEngines/WindowsStandaloneSupport/UnityEditor.WindowsStandalone.Extensions.dll
Registered in 0.004254 seconds.
Native extension for WindowsStandalone target not found
Refreshing native plugins compatible for Editor in 33.65 ms, found 2 plugins.
Preloading 0 native plugins for Editor in 0.00 ms.
Mono: successfully reloaded assembly
- Completed reload, in  1.063 seconds
Platform modules already initialized, skipping
Registering precompiled user dll's ...
Registered in 0.007006 seconds.
Begin MonoManager ReloadAssembly
Native extension for WindowsStandalone target not found
Refreshing native plugins compatible for Editor in 0.52 ms, found 2 plugins.
Preloading 0 native plugins for Editor in 0.00 ms.
Find all reader and writers took 70 milliseconds
Script Module: UnityEngine.UI.dll
Pass: 0 took 8 milliseconds
Pass: 1 took 13 milliseconds
Find all reader and writers took 62 milliseconds
Script Module: UnityEngine.TestRunner.dll
Pass: 0 took 8 milliseconds
Pass: 1 took 0 milliseconds
Find all reader and writers took 61 milliseconds
Script Module: Assembly-CSharp.dll
Pass: 0 took 7 milliseconds
Pass: 1 took 2 milliseconds
Find all reader and writers took 63 milliseconds
Script Module: Unity.Timeline.dll
Pass: 0 took 6 milliseconds
Pass: 1 took 0 milliseconds
Find all reader and writers took 63 milliseconds
Script Module: Mirror.Examples.dll
Pass: 0 took 7 milliseconds
[CreatePlayerMessage] MessageClassProcessor Start
[CreatePlayerMessage]   GenerateSerialization
[CreatePlayerMessage]   GenerateDeserialization
[CreatePlayerMessage] MessageClassProcessor Done
Pass: 1 took 14 milliseconds
  ProcessSitesModule Mirror.Examples.dll elapsed time:00:00:00.0119993
Find all reader and writers took 65 milliseconds
Script Module: Mirror.Components.dll
Pass: 0 took 7 milliseconds
[ServerRequest] MessageClassProcessor Start
[ServerRequest]   GenerateSerialization
[ServerRequest]   GenerateDeserialization
[ServerRequest] MessageClassProcessor Done
[ServerResponse] MessageClassProcessor Start
[ServerResponse]   GenerateSerialization
[ServerResponse]   GenerateDeserialization
[ServerResponse] MessageClassProcessor Done
Pass: 1 took 1 milliseconds
  ProcessSitesModule Mirror.Components.dll elapsed time:00:00:00.0040011
Find all reader and writers took 64 milliseconds
Script Module: Unity.TextMeshPro.dll
Pass: 0 took 16 milliseconds
Pass: 1 took 5 milliseconds
Find all reader and writers took 62 milliseconds
Script Module: Ninja.WebSockets.dll
Pass: 0 took 0 milliseconds
Pass: 1 took 0 milliseconds
Find all reader and writers took 62 milliseconds
Script Module: Mirror.Authenticators.dll
Pass: 0 took 4 milliseconds
[AuthRequestMessage] MessageClassProcessor Start
[AuthRequestMessage]   GenerateSerialization
[AuthRequestMessage]   GenerateDeserialization
[AuthRequestMessage] MessageClassProcessor Done
[AuthResponseMessage] MessageClassProcessor Start
[AuthResponseMessage]   GenerateSerialization
[AuthResponseMessage]   GenerateDeserialization
[AuthResponseMessage] MessageClassProcessor Done
Pass: 1 took 0 milliseconds
  ProcessSitesModule Mirror.Authenticators.dll elapsed time:00:00:00
Find all reader and writers took 67 milliseconds
Script Module: UnityEditor.TestRunner.dll
Pass: 0 took 24 milliseconds
Pass: 1 took 1 milliseconds
Find all reader and writers took 57 milliseconds
Script Module: UnityEditor.UI.dll
Pass: 0 took 14 milliseconds
Pass: 1 took 0 milliseconds
Find all reader and writers took 58 milliseconds
Script Module: Mirror.CompilerSymbols.dll
Pass: 0 took 0 milliseconds
Pass: 1 took 0 milliseconds
Mono: successfully reloaded assembly
- Completed reload, in  3.603 seconds
Platform modules already initialized, skipping
========================================================================
Worker process is ready to serve import requests
Launched and connected shader compiler UnityShaderCompiler.exe after 0.07 seconds
Refreshing native plugins compatible for Editor in 0.45 ms, found 2 plugins.
Preloading 0 native plugins for Editor in 0.00 ms.
Unloading 1635 Unused Serialized files (Serialized files now loaded: 0)
System memory in use before: 72.7 MB.
System memory in use after: 72.7 MB.

Unloading 25 unused Assets to reduce memory usage. Loaded Objects now: 2067.
Total: 5.853900 ms (FindLiveObjects: 0.291600 ms CreateObjectMapping: 0.090900 ms MarkObjects: 5.380300 ms  DeleteObjects: 0.089400 ms)

========================================================================
Received Import Request.
  path: Assets/New Material.mat
  artifactKey: Guid(7672472e57a956d43a3afa032c0c7b77) Importer(815301076,1909f56bfc062723c751e8b465ee728b)
Start importing Assets/New Material.mat using Guid(7672472e57a956d43a3afa032c0c7b77) Importer(815301076,1909f56bfc062723c751e8b465ee728b)  -> (artifact id: 'ad5d17de1bf4699058409ba3add333e7') in 0.299009 seconds
  Import took 0.301860 seconds .

========================================================================
Received Import Request.
  Time since last request: 87.591080 seconds.
  path: Assets/Resources/DOTweenSettings.asset
  artifactKey: Guid(a6a0174b43d944d4a9cb7951b97acdb4) Importer(815301076,1909f56bfc062723c751e8b465ee728b)
Start importing Assets/Resources/DOTweenSettings.asset using Guid(a6a0174b43d944d4a9cb7951b97acdb4) Importer(815301076,1909f56bfc062723c751e8b465ee728b)  -> (artifact id: 'cfbda8bdec254d9b1065500910852e5f') in 0.008205 seconds
  Import took 0.011296 seconds .

========================================================================
Received Import Request.
  Time since last request: 6.762428 seconds.
  path: Assets/Scripts/GameFrameWork/Network(Mirror)
  artifactKey: Guid(5d36a698f2d597e49b20a05fcc3b96f9) Importer(815301076,1909f56bfc062723c751e8b465ee728b)
Start importing Assets/Scripts/GameFrameWork/Network(Mirror) using Guid(5d36a698f2d597e49b20a05fcc3b96f9) Importer(815301076,1909f56bfc062723c751e8b465ee728b)  -> (artifact id: '152b2493b268bd97551b513526805ae6') in 0.004540 seconds
  Import took 0.007262 seconds .

========================================================================
Received Import Request.
  Time since last request: 0.010544 seconds.
  path: Assets/Scripts/GameFrameWork/Network(Mirror)
  artifactKey: Guid(5d36a698f2d597e49b20a05fcc3b96f9) Importer(815301076,1909f56bfc062723c751e8b465ee728b)
Start importing Assets/Scripts/GameFrameWork/Network(Mirror) using Guid(5d36a698f2d597e49b20a05fcc3b96f9) Importer(815301076,1909f56bfc062723c751e8b465ee728b)  -> (artifact id: '152b2493b268bd97551b513526805ae6') in 0.004454 seconds
  Import took 0.007785 seconds .

========================================================================
Received Import Request.
  Time since last request: 13.906180 seconds.
  path: Assets/Scripts/GameFrameWork/NetworkManager
  artifactKey: Guid(2d0d20a0a59133c4fb2f40b43cc05f7a) Importer(815301076,1909f56bfc062723c751e8b465ee728b)
Start importing Assets/Scripts/GameFrameWork/NetworkManager using Guid(2d0d20a0a59133c4fb2f40b43cc05f7a) Importer(815301076,1909f56bfc062723c751e8b465ee728b)  -> (artifact id: 'd290ec76b822c64e28e35e8a9e252229') in 0.004904 seconds
  Import took 0.007908 seconds .

========================================================================
Received Import Request.
  Time since last request: 36.377574 seconds.
  path: Assets/Resources/Prefabs/Network/Player/Player.prefab
  artifactKey: Guid(ec50b8b60e1fdaf4190806f0d0059174) Importer(815301076,1909f56bfc062723c751e8b465ee728b)
Start importing Assets/Resources/Prefabs/Network/Player/Player.prefab using Guid(ec50b8b60e1fdaf4190806f0d0059174) Importer(815301076,1909f56bfc062723c751e8b465ee728b)  -> (artifact id: '88079aab6de9f34a49c8292301558a92') in 0.027067 seconds
  Import took 0.032275 seconds .

========================================================================
Received Import Request.
  Time since last request: 7.445667 seconds.
  path: Assets/Resources/Prefabs/Network/NetworkManager.prefab
  artifactKey: Guid(383840fdd8f222a4db703a1105050c4c) Importer(815301076,1909f56bfc062723c751e8b465ee728b)
Start importing Assets/Resources/Prefabs/Network/NetworkManager.prefab using Guid(383840fdd8f222a4db703a1105050c4c) Importer(815301076,1909f56bfc062723c751e8b465ee728b)  -> (artifact id: '6e87adf9738ac441018a7d00f8148bfe') in 0.042794 seconds
  Import took 0.048538 seconds .

========================================================================
Received Prepare
Registering precompiled user dll's ...
Registered in 0.005562 seconds.
Begin MonoManager ReloadAssembly
Native extension for WindowsStandalone target not found
Refreshing native plugins compatible for Editor in 0.41 ms, found 2 plugins.
Preloading 0 native plugins for Editor in 0.00 ms.
Mono: successfully reloaded assembly
- Completed reload, in  0.954 seconds
Platform modules already initialized, skipping
Refreshing native plugins compatible for Editor in 0.38 ms, found 2 plugins.
Preloading 0 native plugins for Editor in 0.00 ms.
Unloading 1460 Unused Serialized files (Serialized files now loaded: 0)
System memory in use before: 72.1 MB.
System memory in use after: 72.2 MB.

Unloading 141 unused Assets to reduce memory usage. Loaded Objects now: 1984.
Total: 3.006100 ms (FindLiveObjects: 0.223600 ms CreateObjectMapping: 0.043700 ms MarkObjects: 2.667800 ms  DeleteObjects: 0.068900 ms)

========================================================================
Received Import Request.
  Time since last request: 180.846237 seconds.
  path: Assets/Scenes/GameMain.unity
  artifactKey: Guid(fb6d82bfc71d69c44b7cda01fb6010f4) Importer(815301076,1909f56bfc062723c751e8b465ee728b)
Start importing Assets/Scenes/GameMain.unity using Guid(fb6d82bfc71d69c44b7cda01fb6010f4) Importer(815301076,1909f56bfc062723c751e8b465ee728b)  -> (artifact id: 'b0e4eef4f8d0cc79144250b2227d772d') in 0.012282 seconds
  Import took 0.015138 seconds .

========================================================================
Received Import Request.
  Time since last request: 0.852825 seconds.
  path: Assets/Scenes/GameMenu.unity
  artifactKey: Guid(04ce8df261da87d40a94371179523fd0) Importer(815301076,1909f56bfc062723c751e8b465ee728b)
Start importing Assets/Scenes/GameMenu.unity using Guid(04ce8df261da87d40a94371179523fd0) Importer(815301076,1909f56bfc062723c751e8b465ee728b)  -> (artifact id: 'ff4c2f99368412e5b9905468db50db67') in 0.005435 seconds
  Import took 0.008775 seconds .

========================================================================
Received Prepare
Registering precompiled user dll's ...
Registered in 0.006403 seconds.
Begin MonoManager ReloadAssembly
Native extension for WindowsStandalone target not found
Refreshing native plugins compatible for Editor in 0.50 ms, found 2 plugins.
Preloading 0 native plugins for Editor in 0.00 ms.
Mono: successfully reloaded assembly
- Completed reload, in  1.109 seconds
Platform modules already initialized, skipping
Refreshing native plugins compatible for Editor in 0.45 ms, found 2 plugins.
Preloading 0 native plugins for Editor in 0.00 ms.
Unloading 1460 Unused Serialized files (Serialized files now loaded: 0)
System memory in use before: 71.3 MB.
System memory in use after: 71.4 MB.

Unloading 15 unused Assets to reduce memory usage. Loaded Objects now: 1987.
Total: 3.675600 ms (FindLiveObjects: 0.502500 ms CreateObjectMapping: 0.082200 ms MarkObjects: 3.048700 ms  DeleteObjects: 0.039000 ms)

========================================================================
Received Prepare
Registering precompiled user dll's ...
Registered in 0.006132 seconds.
Begin MonoManager ReloadAssembly
Native extension for WindowsStandalone target not found
Refreshing native plugins compatible for Editor in 0.40 ms, found 2 plugins.
Preloading 0 native plugins for Editor in 0.00 ms.
Mono: successfully reloaded assembly
- Completed reload, in  0.950 seconds
Platform modules already initialized, skipping
Refreshing native plugins compatible for Editor in 0.40 ms, found 2 plugins.
Preloading 0 native plugins for Editor in 0.00 ms.
Unloading 1460 Unused Serialized files (Serialized files now loaded: 0)
System memory in use before: 71.3 MB.
System memory in use after: 71.4 MB.

Unloading 15 unused Assets to reduce memory usage. Loaded Objects now: 1990.
Total: 2.739900 ms (FindLiveObjects: 0.253300 ms CreateObjectMapping: 0.093300 ms MarkObjects: 2.368300 ms  DeleteObjects: 0.022900 ms)

========================================================================
Received Import Request.
  Time since last request: 76.147603 seconds.
  path: Assets/Resources/Prefabs/UI/Unit/HP_Bar.prefab
  artifactKey: Guid(062cdf1d270109f42aeb2a8a5283d1b7) Importer(815301076,1909f56bfc062723c751e8b465ee728b)
Start importing Assets/Resources/Prefabs/UI/Unit/HP_Bar.prefab using Guid(062cdf1d270109f42aeb2a8a5283d1b7) Importer(815301076,1909f56bfc062723c751e8b465ee728b)  -> (artifact id: 'ecb18d015b46688f6ba022eff3884681') in 0.040924 seconds
  Import took 0.043840 seconds .

========================================================================
Received Import Request.
  Time since last request: 4.509011 seconds.
  path: Assets/Resources/Prefabs/UI/Unit/MessageText/MessageText.prefab
  artifactKey: Guid(94b0728f44a619a429a47e663a8ad4c2) Importer(815301076,1909f56bfc062723c751e8b465ee728b)
Start importing Assets/Resources/Prefabs/UI/Unit/MessageText/MessageText.prefab using Guid(94b0728f44a619a429a47e663a8ad4c2) Importer(815301076,1909f56bfc062723c751e8b465ee728b)  -> (artifact id: '4b6ea4a863bd2d387d62c4f4ec68db4e') in 0.008028 seconds
  Import took 0.010910 seconds .

========================================================================
Received Import Request.
  Time since last request: 2.741800 seconds.
  path: Assets/Resources/Prefabs/Units/Archer.prefab
  artifactKey: Guid(efe3a9bf1be46e348b319a919e8d39c8) Importer(815301076,1909f56bfc062723c751e8b465ee728b)
Start importing Assets/Resources/Prefabs/Units/Archer.prefab using Guid(efe3a9bf1be46e348b319a919e8d39c8) Importer(815301076,1909f56bfc062723c751e8b465ee728b)  -> (artifact id: 'c34b8208a3a65916b7cd00497e651be1') in 0.042508 seconds
  Import took 0.045410 seconds .

========================================================================
Received Import Request.
  Time since last request: 0.000440 seconds.
  path: Assets/Resources/Prefabs/Units/Player.prefab
  artifactKey: Guid(ea835b3a590bf1042b6625835c04197b) Importer(815301076,1909f56bfc062723c751e8b465ee728b)
Start importing Assets/Resources/Prefabs/Units/Player.prefab using Guid(ea835b3a590bf1042b6625835c04197b) Importer(815301076,1909f56bfc062723c751e8b465ee728b)  -> (artifact id: '903e5612e01367a562e275e1c0a33752') in 0.016453 seconds
  Import took 0.019634 seconds .

========================================================================
Received Import Request.
  Time since last request: 0.000366 seconds.
  path: Assets/Resources/Prefabs/Units/Farmer.prefab
  artifactKey: Guid(ec507f7d9424bf14fb8004d3b9795a00) Importer(815301076,1909f56bfc062723c751e8b465ee728b)
Start importing Assets/Resources/Prefabs/Units/Farmer.prefab using Guid(ec507f7d9424bf14fb8004d3b9795a00) Importer(815301076,1909f56bfc062723c751e8b465ee728b)  -> (artifact id: 'ff89fc345f3d86c47aacfaf09330612e') in 0.015966 seconds
  Import took 0.019752 seconds .

========================================================================
Received Import Request.
  Time since last request: 0.000415 seconds.
  path: Assets/Resources/Prefabs/Units/Rider.prefab
  artifactKey: Guid(5feabf4fadef9aa42adde50751e94d2f) Importer(815301076,1909f56bfc062723c751e8b465ee728b)
Start importing Assets/Resources/Prefabs/Units/Rider.prefab using Guid(5feabf4fadef9aa42adde50751e94d2f) Importer(815301076,1909f56bfc062723c751e8b465ee728b)  -> (artifact id: '17632a8d931e9b48fe57e7faa61365be') in 0.015828 seconds
  Import took 0.018693 seconds .

========================================================================
Received Import Request.
  Time since last request: 0.000465 seconds.
  path: Assets/Resources/Prefabs/Units/Lancer.prefab
  artifactKey: Guid(6df2bd803d0e3ba4fa3c491abfbb592c) Importer(815301076,1909f56bfc062723c751e8b465ee728b)
Start importing Assets/Resources/Prefabs/Units/Lancer.prefab using Guid(6df2bd803d0e3ba4fa3c491abfbb592c) Importer(815301076,1909f56bfc062723c751e8b465ee728b)  -> (artifact id: '86f20db0355380ce2b162fc9249023cb') in 0.014618 seconds
  Import took 0.017747 seconds .

========================================================================
Received Import Request.
  Time since last request: 0.000299 seconds.
  path: Assets/Resources/Prefabs/Units/Witcher.prefab
  artifactKey: Guid(fe75f5dd97cd4914aa2b00943f478f9c) Importer(815301076,1909f56bfc062723c751e8b465ee728b)
Start importing Assets/Resources/Prefabs/Units/Witcher.prefab using Guid(fe75f5dd97cd4914aa2b00943f478f9c) Importer(815301076,1909f56bfc062723c751e8b465ee728b)  -> (artifact id: '95891c884a0be3aa9c7d19048f829a2c') in 0.015334 seconds
  Import took 0.018305 seconds .

========================================================================
Received Prepare
Registering precompiled user dll's ...
Registered in 0.005924 seconds.
Begin MonoManager ReloadAssembly
Native extension for WindowsStandalone target not found
Refreshing native plugins compatible for Editor in 0.41 ms, found 2 plugins.
Preloading 0 native plugins for Editor in 0.00 ms.
Mono: successfully reloaded assembly
- Completed reload, in  0.924 seconds
Platform modules already initialized, skipping
Refreshing native plugins compatible for Editor in 0.42 ms, found 2 plugins.
Preloading 0 native plugins for Editor in 0.00 ms.
Unloading 1460 Unused Serialized files (Serialized files now loaded: 0)
System memory in use before: 71.5 MB.
System memory in use after: 71.6 MB.

Unloading 18 unused Assets to reduce memory usage. Loaded Objects now: 2000.
Total: 2.240800 ms (FindLiveObjects: 0.239100 ms CreateObjectMapping: 0.041200 ms MarkObjects: 1.915300 ms  DeleteObjects: 0.043500 ms)

========================================================================
Received Prepare
Registering precompiled user dll's ...
Registered in 0.005035 seconds.
Begin MonoManager ReloadAssembly
Native extension for WindowsStandalone target not found
Refreshing native plugins compatible for Editor in 0.39 ms, found 2 plugins.
Preloading 0 native plugins for Editor in 0.00 ms.
Mono: successfully reloaded assembly
- Completed reload, in  0.917 seconds
Platform modules already initialized, skipping
Refreshing native plugins compatible for Editor in 0.39 ms, found 2 plugins.
Preloading 0 native plugins for Editor in 0.00 ms.
Unloading 1460 Unused Serialized files (Serialized files now loaded: 0)
System memory in use before: 71.5 MB.
System memory in use after: 71.6 MB.

Unloading 15 unused Assets to reduce memory usage. Loaded Objects now: 2003.
Total: 2.325800 ms (FindLiveObjects: 0.301900 ms CreateObjectMapping: 0.083700 ms MarkObjects: 1.914300 ms  DeleteObjects: 0.023500 ms)

